 
****************************************
Report : area
Design : debouncer_2_sync
Version: K-2015.06
Date   : Fri Aug 25 22:52:50 2023
****************************************

Information: Updating design information... (UID-85)
Library(s) Used:

    scmetro_tsmc_cl013g_rvt_ss_1p08v_125c (File: /home/IC/std_cells/scmetro_tsmc_cl013g_rvt_ss_1p08v_125c.db)

Number of ports:                           12
Number of nets:                           216
Number of cells:                          207
Number of combinational cells:            102
Number of sequential cells:               103
Number of macros/black boxes:               0
Number of buf/inv:                         28
Number of references:                       2

Combinational area:                810.746315
Buf/Inv area:                      140.027304
Noncombinational area:            2675.815765
Macro/Black Box area:                0.000000
Net Interconnect area:           85400.436890

Total cell area:                  3486.562080
Total area:                      88886.998970

Hierarchical area distribution
------------------------------

                                  Global cell area          Local cell area
                                  ------------------  --------------------------- 
Hierarchical cell                 Absolute   Percent  Combi-    Noncombi-  Black-
                                  Total      Total    national  national   boxes   Design
--------------------------------  ---------  -------  --------  ---------  ------  -----------
debouncer_2_sync                  3486.5621    100.0    0.0000     0.0000  0.0000  debouncer_2_sync
debouncer_DUT                     3434.7873     98.5  810.7463  2624.0410  0.0000  debouncer_2
sync_DUT                            51.7748      1.5    0.0000    51.7748  0.0000  sync
--------------------------------  ---------  -------  --------  ---------  ------  -----------
Total                                                 810.7463  2675.8158  0.0000

1
