Loading db file '/home/IC/std_cells/scmetro_tsmc_cl013g_rvt_ss_1p08v_125c.db'
Information: Propagating switching activity (low effort zero delay simulation). (PWR-6)
Warning: Design has unannotated primary inputs. (PWR-414)
Warning: Design has unannotated sequential cell outputs. (PWR-415)
 
****************************************
Report : power
        -hier
        -analysis_effort low
Design : debouncer_2_sync
Version: K-2015.06
Date   : Fri Aug 25 22:52:51 2023
****************************************


Library(s) Used:

    scmetro_tsmc_cl013g_rvt_ss_1p08v_125c (File: /home/IC/std_cells/scmetro_tsmc_cl013g_rvt_ss_1p08v_125c.db)


Operating Conditions: scmetro_tsmc_cl013g_rvt_ss_1p08v_125c   Library: scmetro_tsmc_cl013g_rvt_ss_1p08v_125c
Wire Load Model Mode: top

Design        Wire Load Model            Library
------------------------------------------------
debouncer_2_sync       tsmc13_wl30       scmetro_tsmc_cl013g_rvt_ss_1p08v_125c


Global Operating Voltage = 1.08 
Power-specific unit information :
    Voltage Units = 1V
    Capacitance Units = 1.000000pf
    Time Units = 1ns
    Dynamic Power Units = 1mW    (derived from V,C,T units)
    Leakage Power Units = 1pW


--------------------------------------------------------------------------------
                                       Switch   Int      Leak     Total
Hierarchy                              Power    Power    Power    Power    %
--------------------------------------------------------------------------------
debouncer_2_sync                       3.29e-02    0.165 1.98e+06    0.200 100.0
  debouncer_DUT (debouncer_2)          3.26e-02    0.161 1.95e+06    0.195  97.6
  sync_DUT (sync)                      3.24e-04 4.35e-03 2.34e+04 4.70e-03   2.4
1
