**************************************************
Report         : passing_points

Reference      : Ref:/WORK/debouncer_sync
Implementation : Imp:/WORK/debouncer_sync
Version        : L-2016.03-SP1
Date           : Fri Aug 25 22:33:40 2023
**************************************************

13 Passing compare points:

  Ref  DFF        Ref:/WORK/debouncer_sync/debouncer_DUT/FSM_DUT/current_state_reg[0]
  Impl DFF        Imp:/WORK/debouncer_sync/debouncer_DUT/FSM_DUT/current_state_reg[0]

  Ref  DFF        Ref:/WORK/debouncer_sync/debouncer_DUT/FSM_DUT/current_state_reg[1]
  Impl DFF        Imp:/WORK/debouncer_sync/debouncer_DUT/FSM_DUT/current_state_reg[1]

  Ref  DFF        Ref:/WORK/debouncer_sync/debouncer_DUT/timer_DUT/counter_reg[0]
  Impl DFF        Imp:/WORK/debouncer_sync/debouncer_DUT/timer_DUT/counter_reg[0]

  Ref  DFF        Ref:/WORK/debouncer_sync/debouncer_DUT/timer_DUT/counter_reg[1]
  Impl DFF        Imp:/WORK/debouncer_sync/debouncer_DUT/timer_DUT/counter_reg[1]

  Ref  DFF        Ref:/WORK/debouncer_sync/debouncer_DUT/timer_DUT/counter_reg[2]
  Impl DFF        Imp:/WORK/debouncer_sync/debouncer_DUT/timer_DUT/counter_reg[2]

  Ref  DFF        Ref:/WORK/debouncer_sync/debouncer_DUT/timer_DUT/counter_reg[3]
  Impl DFF        Imp:/WORK/debouncer_sync/debouncer_DUT/timer_DUT/counter_reg[3]

  Ref  DFF        Ref:/WORK/debouncer_sync/debouncer_DUT/timer_DUT/counter_reg[4]
  Impl DFF        Imp:/WORK/debouncer_sync/debouncer_DUT/timer_DUT/counter_reg[4]

  Ref  DFF        Ref:/WORK/debouncer_sync/debouncer_DUT/timer_DUT/counter_reg[5]
  Impl DFF        Imp:/WORK/debouncer_sync/debouncer_DUT/timer_DUT/counter_reg[5]

  Ref  DFF        Ref:/WORK/debouncer_sync/debouncer_DUT/timer_DUT/counter_reg[6]
  Impl DFF        Imp:/WORK/debouncer_sync/debouncer_DUT/timer_DUT/counter_reg[6]

  Ref  DFF        Ref:/WORK/debouncer_sync/debouncer_DUT/timer_DUT/done_reg
  Impl DFF        Imp:/WORK/debouncer_sync/debouncer_DUT/timer_DUT/done_reg

  Ref  DFF        Ref:/WORK/debouncer_sync/sync_DUT/sync_reg_reg[0]
  Impl DFF        Imp:/WORK/debouncer_sync/sync_DUT/sync_reg_reg[0]

  Ref  DFF        Ref:/WORK/debouncer_sync/sync_DUT/sync_reg_reg[1]
  Impl DFF        Imp:/WORK/debouncer_sync/sync_DUT/sync_reg_reg[1]

  Ref  Port       Ref:/WORK/debouncer_sync/debouncer_out
  Impl Port       Imp:/WORK/debouncer_sync/debouncer_out

 [BBNet: multiply-driven net
  BBPin: black-box pin
  Cut:   cut-point
  DFF:   non-constant DFF register
  DFF0:  constant 0 DFF register
  DFF1:  constant 1 DFF register
  DFFX:  constant X DFF register
  DFF0X: constrained 0X DFF register
  DFF1X: constrained 1X DFF register
  LAT:   non-constant latch register
  LAT0:  constant 0 latch register
  LAT1:  constant 1 latch register
  LATX:  constant X latch register
  LAT0X: constrained 0X latch register
  LAT1X: constrained 1X latch register
  LATCG: clock-gating latch register
  TLA:   transparent latch register
  TLA0X: transparent constrained 0X latch register
  TLA1X: transparent constrained 1X latch register
  Loop:  cycle break point
  Port:  primary (top-level) port
  Und:   undriven signal cut-point
  Unk:   unknown signal cut-point]

1
